14:36:20.313 [main] ERROR Main - Ошибка чтения или создания файла при запуске.
14:36:20.315 [main] INFO  Main - Сохранение игры.
14:36:31.956 [main] ERROR Main - Ошибка чтения или создания файла при запуске.
14:36:31.959 [main] INFO  Main - Сохранение игры.
14:36:47.398 [main] INFO  Game - Создание мобильных объектов.
14:36:47.401 [main] INFO  Game - Создание стационарных объектов.
14:36:47.402 [main] INFO  Game - Создание комбинаций объектов.
14:36:47.403 [main] INFO  Game - Создание положительных NPS.
14:36:47.404 [main] INFO  Game - Создание отрицательных NPS.
14:36:47.405 [main] INFO  Game - Создание локации.
14:36:47.412 [main] INFO  Game - Старт игры.
14:36:57.345 [main] INFO  Main - Сохранение игры.
15:42:46.713 [main] INFO  Main - Попытка запуска игры.
15:42:46.719 [main] INFO  Game - Создание мобильных объектов.
15:42:46.720 [main] INFO  Game - Создание стационарных объектов.
15:42:46.721 [main] INFO  Game - Создание комбинаций объектов.
15:42:46.722 [main] INFO  Game - Создание положительных NPS.
15:42:46.723 [main] INFO  Game - Создание отрицательных NPS.
15:42:46.723 [main] INFO  Game - Создание локации.
15:42:46.729 [main] INFO  Game - Старт игры.
15:43:23.251 [main] INFO  Main - Сохранение игры.
15:43:33.609 [main] INFO  Main - Попытка запуска игры.
15:43:33.612 [main] INFO  Game - Создание мобильных объектов.
15:43:33.613 [main] INFO  Game - Создание стационарных объектов.
15:43:33.613 [main] INFO  Game - Создание комбинаций объектов.
15:43:33.613 [main] INFO  Game - Создание положительных NPS.
15:43:33.613 [main] INFO  Game - Создание отрицательных NPS.
15:43:33.614 [main] INFO  Game - Создание локации.
15:43:33.619 [main] INFO  Game - Старт игры.
15:43:54.011 [main] INFO  Main - Сохранение игры.
15:44:10.305 [main] INFO  Main - Попытка запуска игры.
15:44:10.371 [main] INFO  Game - Старт игры.
15:44:14.487 [main] WARN  Game - Введена неверная команда.
15:44:17.580 [main] INFO  Main - Сохранение игры.
15:45:02.611 [main] INFO  Main - Попытка запуска игры.
15:45:02.649 [main] INFO  Game - Старт игры.
15:45:06.612 [main] WARN  Game - Перезапуск игры.
15:45:06.613 [main] INFO  Game - Создание мобильных объектов.
15:45:06.613 [main] INFO  Game - Создание стационарных объектов.
15:45:06.613 [main] INFO  Game - Создание комбинаций объектов.
15:45:06.613 [main] INFO  Game - Создание положительных NPS.
15:45:06.613 [main] INFO  Game - Создание отрицательных NPS.
15:45:06.613 [main] INFO  Game - Создание локации.
15:45:06.617 [main] INFO  Game - Старт игры.
15:45:09.868 [main] INFO  Main - Сохранение игры.
15:47:29.868 [Main] INFO  - Попытка запуска игры.
15:47:29.904 [Game] INFO  - Старт игры.
15:47:32.648 [Main] INFO  - Сохранение игры.
15:47:59.943 [Main] INFO - Попытка запуска игры.
15:47:59.980 [Game] INFO - Старт игры.
15:48:02.384 [Game] WARN - Введена неверная команда.
15:48:04.285 [Main] INFO - Сохранение игры.
15:49:15.043 [Main] INFO - Попытка запуска игры.
15:49:15.080 [Game] INFO - Старт игры.
15:49:21.369 [Main] INFO - Сохранение игры.
15:58:48.935 [Main] INFO - Попытка запуска игры.
15:58:48.947 [Main] ERROR- Ошибка чтения или создания файла при запуске.
15:58:48.947 [Main] INFO - Сохранение игры.
15:58:55.888 [Main] INFO - Попытка запуска игры.
15:58:55.892 [Main] ERROR- Ошибка чтения или создания файла при запуске.
15:58:55.892 [Main] INFO - Сохранение игры.
15:59:03.708 [Main] INFO - Попытка запуска игры.
15:59:03.711 [Game] INFO - Создание мобильных объектов.
15:59:03.711 [Game] INFO - Создание стационарных объектов.
15:59:03.712 [Game] INFO - Создание комбинаций объектов.
15:59:03.712 [Game] INFO - Создание положительных NPS.
15:59:03.712 [Game] INFO - Создание отрицательных NPS.
15:59:03.712 [Game] INFO - Создание локации.
15:59:03.718 [Game] INFO - Старт игры.
16:02:45.694 [Game] WARN - Введена неверная команда.
16:03:14.982 [Game] WARN - Введена неверная команда.
16:03:18.558 [Game] WARN - Введена неверная команда.
16:04:56.560 [Game] WARN - Введена неверная команда.
16:05:15.457 [Game] WARN - Введена неверная команда.
16:07:36.226 [Game] WARN - Введена неверная команда.
16:08:06.051 [Game] INFO - Игра окончена
16:08:25.723 [Main] INFO - Сохранение игры.
16:08:56.942 [Main] INFO - Попытка запуска игры.
16:08:56.976 [Game] INFO - Старт игры.
16:08:56.979 [Game] INFO - Игра окончена
16:09:01.846 [Main] INFO - Сохранение игры.
16:12:10.940 [Main] INFO - Попытка запуска игры.
16:12:10.979 [Game] INFO - Старт игры.
16:12:10.982 [Game] INFO - Игра окончена
16:12:59.020 [Main] INFO - Попытка запуска игры.
16:12:59.061 [Game] INFO - Старт игры.
16:12:59.064 [Game] INFO - Игра окончена
16:13:01.826 [Game] WARN - Перезапуск игры.
16:13:01.826 [Game] INFO - Создание мобильных объектов.
16:13:01.826 [Game] INFO - Создание стационарных объектов.
16:13:01.826 [Game] INFO - Создание комбинаций объектов.
16:13:01.826 [Game] INFO - Создание положительных NPS.
16:13:01.826 [Game] INFO - Создание отрицательных NPS.
16:13:01.826 [Game] INFO - Создание локации.
16:13:01.830 [Game] INFO - Старт игры.
16:17:29.389 [Main] INFO - Попытка запуска игры.
16:17:29.510 [Game] INFO - Старт игры.
16:17:29.560 [Game] INFO - Игра окончена
16:17:36.360 [Main] INFO - Сохранение игры.
16:18:36.527 [Main] INFO - Попытка запуска игры.
16:18:36.654 [Game] INFO - Старт игры.
16:18:36.661 [Game] INFO - Игра окончена
16:18:45.439 [Game] WARN - Перезапуск игры.
16:18:45.439 [Game] INFO - Создание мобильных объектов.
16:18:45.439 [Game] INFO - Создание стационарных объектов.
16:18:45.439 [Game] INFO - Создание комбинаций объектов.
16:18:45.439 [Game] INFO - Создание положительных NPS.
16:18:45.439 [Game] INFO - Создание отрицательных NPS.
16:18:45.439 [Game] INFO - Создание локации.
16:18:45.444 [Game] INFO - Старт игры.
16:18:48.966 [Game] WARN - Введена неверная команда.
16:19:30.666 [Main] INFO - Попытка запуска игры.
16:19:30.777 [Game] INFO - Старт игры.
16:19:30.781 [Game] INFO - Игра окончена
16:22:56.827 [Main] INFO - Попытка запуска игры.
16:22:56.910 [Game] INFO - Старт игры.
16:22:56.914 [Game] INFO - Игра окончена
16:23:15.123 [Main] INFO - Сохранение игры.
16:41:56.329 [Game] INFO - Создание мобильных объектов.
16:41:56.335 [Game] INFO - Создание стационарных объектов.
16:41:56.336 [Game] INFO - Создание комбинаций объектов.
16:41:56.337 [Game] INFO - Создание положительных NPS.
16:41:56.338 [Game] INFO - Создание отрицательных NPS.
16:41:56.339 [Game] INFO - Создание локации.
16:41:56.342 [Game] INFO - Старт игры.
16:42:57.465 [Game] INFO - Создание мобильных объектов.
16:42:57.469 [Game] INFO - Создание стационарных объектов.
16:42:57.470 [Game] INFO - Создание комбинаций объектов.
16:42:57.470 [Game] INFO - Создание положительных NPS.
16:42:57.471 [Game] INFO - Создание отрицательных NPS.
16:42:57.471 [Game] INFO - Создание локации.
16:43:25.756 [Game] INFO - Создание мобильных объектов.
16:43:25.758 [Game] INFO - Создание стационарных объектов.
16:43:25.759 [Game] INFO - Создание комбинаций объектов.
16:43:25.759 [Game] INFO - Создание положительных NPS.
16:43:25.759 [Game] INFO - Создание отрицательных NPS.
16:43:25.759 [Game] INFO - Создание локации.
16:43:31.760 [Game] INFO - Создание мобильных объектов.
16:43:31.763 [Game] INFO - Создание стационарных объектов.
16:43:31.763 [Game] INFO - Создание комбинаций объектов.
16:43:31.763 [Game] INFO - Создание положительных NPS.
16:43:31.764 [Game] INFO - Создание отрицательных NPS.
16:43:31.764 [Game] INFO - Создание локации.
16:44:10.185 [Game] INFO - Создание мобильных объектов.
16:44:10.193 [Game] INFO - Создание стационарных объектов.
16:44:10.194 [Game] INFO - Создание комбинаций объектов.
16:44:10.194 [Game] INFO - Создание положительных NPS.
16:44:10.195 [Game] INFO - Создание отрицательных NPS.
16:44:10.196 [Game] INFO - Создание локации.
16:44:23.969 [Game] INFO - Создание мобильных объектов.
16:44:23.971 [Game] INFO - Создание стационарных объектов.
16:44:23.971 [Game] INFO - Создание комбинаций объектов.
16:44:23.972 [Game] INFO - Создание положительных NPS.
16:44:23.972 [Game] INFO - Создание отрицательных NPS.
16:44:23.972 [Game] INFO - Создание локации.
16:49:20.558 [Game] INFO - Создание мобильных объектов.
16:49:20.561 [Game] INFO - Создание стационарных объектов.
16:49:20.562 [Game] INFO - Создание комбинаций объектов.
16:49:20.562 [Game] INFO - Создание положительных NPS.
16:49:20.563 [Game] INFO - Создание отрицательных NPS.
16:49:20.564 [Game] INFO - Создание локации.
16:49:20.580 [Game] INFO - Создание мобильных объектов.
16:49:20.580 [Game] INFO - Создание стационарных объектов.
16:49:20.580 [Game] INFO - Создание комбинаций объектов.
16:49:20.580 [Game] INFO - Создание положительных NPS.
16:49:20.580 [Game] INFO - Создание отрицательных NPS.
16:49:20.580 [Game] INFO - Создание локации.
16:50:00.481 [Game] INFO - Создание мобильных объектов.
16:50:00.484 [Game] INFO - Создание стационарных объектов.
16:50:00.484 [Game] INFO - Создание комбинаций объектов.
16:50:00.485 [Game] INFO - Создание положительных NPS.
16:50:00.485 [Game] INFO - Создание отрицательных NPS.
16:50:00.485 [Game] INFO - Создание локации.
16:50:00.504 [Game] INFO - Создание мобильных объектов.
16:50:00.504 [Game] INFO - Создание стационарных объектов.
16:50:00.504 [Game] INFO - Создание комбинаций объектов.
16:50:00.504 [Game] INFO - Создание положительных NPS.
16:50:00.504 [Game] INFO - Создание отрицательных NPS.
16:50:00.504 [Game] INFO - Создание локации.
16:50:27.358 [Game] INFO - Создание мобильных объектов.
16:50:27.360 [Game] INFO - Создание стационарных объектов.
16:50:27.360 [Game] INFO - Создание комбинаций объектов.
16:50:27.361 [Game] INFO - Создание положительных NPS.
16:50:27.361 [Game] INFO - Создание отрицательных NPS.
16:50:27.361 [Game] INFO - Создание локации.
16:53:33.600 [Game] INFO - Создание мобильных объектов.
16:53:33.605 [Game] INFO - Создание стационарных объектов.
16:53:33.606 [Game] INFO - Создание комбинаций объектов.
16:53:33.607 [Game] INFO - Создание положительных NPS.
16:53:33.608 [Game] INFO - Создание отрицательных NPS.
16:53:33.609 [Game] INFO - Создание локации.
16:54:10.371 [Main] INFO - Попытка запуска игры.
16:54:10.385 [Main] ERROR- Ошибка чтения или создания файла при запуске.
16:54:10.385 [Main] INFO - Сохранение игры.
17:01:52.866 [Game] INFO - Создание мобильных объектов.
17:01:52.868 [Game] INFO - Создание стационарных объектов.
17:01:52.869 [Game] INFO - Создание комбинаций объектов.
17:01:52.869 [Game] INFO - Создание положительных NPS.
17:01:52.871 [Game] INFO - Создание отрицательных NPS.
17:01:52.871 [Game] INFO - Создание локации.
17:02:15.937 [Game] INFO - Создание мобильных объектов.
17:02:15.939 [Game] INFO - Создание стационарных объектов.
17:02:15.940 [Game] INFO - Создание комбинаций объектов.
17:02:15.940 [Game] INFO - Создание положительных NPS.
17:02:15.940 [Game] INFO - Создание отрицательных NPS.
17:02:15.941 [Game] INFO - Создание локации.
17:02:58.367 [Game] INFO - Создание мобильных объектов.
17:02:58.369 [Game] INFO - Создание стационарных объектов.
17:02:58.369 [Game] INFO - Создание комбинаций объектов.
17:02:58.370 [Game] INFO - Создание положительных NPS.
17:02:58.370 [Game] INFO - Создание отрицательных NPS.
17:02:58.370 [Game] INFO - Создание локации.
17:03:38.439 [Game] INFO - Создание мобильных объектов.
17:03:38.444 [Game] INFO - Создание стационарных объектов.
17:03:38.445 [Game] INFO - Создание комбинаций объектов.
17:03:38.446 [Game] INFO - Создание положительных NPS.
17:03:38.447 [Game] INFO - Создание отрицательных NPS.
17:03:38.448 [Game] INFO - Создание локации.
17:04:35.021 [Game] INFO - Создание мобильных объектов.
17:04:35.023 [Game] INFO - Создание стационарных объектов.
17:04:35.024 [Game] INFO - Создание комбинаций объектов.
17:04:35.024 [Game] INFO - Создание положительных NPS.
17:04:35.024 [Game] INFO - Создание отрицательных NPS.
17:04:35.025 [Game] INFO - Создание локации.
16:55:54.289 [Main] INFO - Попытка запуска игры.
16:55:54.295 [Game] INFO - Создание мобильных объектов.
16:55:54.296 [Game] INFO - Создание стационарных объектов.
16:55:54.296 [Game] INFO - Создание комбинаций объектов.
16:55:54.297 [Game] INFO - Создание положительных NPS.
16:55:54.297 [Game] INFO - Создание отрицательных NPS.
16:55:54.298 [Game] INFO - Создание локации.
16:55:54.304 [Game] INFO - Старт игры.
17:06:47.018 [Main] INFO - Попытка запуска игры.
17:06:47.022 [Game] INFO - Создание мобильных объектов.
17:06:47.022 [Game] INFO - Создание стационарных объектов.
17:06:47.022 [Game] INFO - Создание комбинаций объектов.
17:06:47.023 [Game] INFO - Создание положительных NPS.
17:06:47.023 [Game] INFO - Создание отрицательных NPS.
17:06:47.023 [Game] INFO - Создание локации.
17:06:47.029 [Game] INFO - Старт игры.
17:07:03.925 [Main] INFO - Сохранение игры.
17:07:12.420 [Main] INFO - Попытка запуска игры.
17:07:12.423 [Game] INFO - Создание мобильных объектов.
17:07:12.424 [Game] INFO - Создание стационарных объектов.
17:07:12.424 [Game] INFO - Создание комбинаций объектов.
17:07:12.424 [Game] INFO - Создание положительных NPS.
17:07:12.424 [Game] INFO - Создание отрицательных NPS.
17:07:12.425 [Game] INFO - Создание локации.
17:07:12.430 [Game] INFO - Старт игры.
17:09:39.482 [Game] INFO - Создание мобильных объектов.
17:09:39.485 [Game] INFO - Создание стационарных объектов.
17:09:39.485 [Game] INFO - Создание комбинаций объектов.
17:09:39.485 [Game] INFO - Создание положительных NPS.
17:09:39.486 [Game] INFO - Создание отрицательных NPS.
17:09:39.486 [Game] INFO - Создание локации.
17:10:50.151 [Game] INFO - Создание мобильных объектов.
17:10:50.154 [Game] INFO - Создание стационарных объектов.
17:10:50.154 [Game] INFO - Создание комбинаций объектов.
17:10:50.154 [Game] INFO - Создание положительных NPS.
17:10:50.155 [Game] INFO - Создание отрицательных NPS.
17:10:50.155 [Game] INFO - Создание локации.
17:10:50.178 [Game] INFO - Создание мобильных объектов.
17:10:50.178 [Game] INFO - Создание стационарных объектов.
17:10:50.178 [Game] INFO - Создание комбинаций объектов.
17:10:50.178 [Game] INFO - Создание положительных NPS.
17:10:50.178 [Game] INFO - Создание отрицательных NPS.
17:10:50.178 [Game] INFO - Создание локации.
17:10:50.184 [Game] INFO - Создание мобильных объектов.
17:10:50.184 [Game] INFO - Создание стационарных объектов.
17:10:50.184 [Game] INFO - Создание комбинаций объектов.
17:10:50.184 [Game] INFO - Создание положительных NPS.
17:10:50.184 [Game] INFO - Создание отрицательных NPS.
17:10:50.184 [Game] INFO - Создание локации.
17:10:50.188 [Game] INFO - Создание мобильных объектов.
17:10:50.188 [Game] INFO - Создание стационарных объектов.
17:10:50.188 [Game] INFO - Создание комбинаций объектов.
17:10:50.188 [Game] INFO - Создание положительных NPS.
17:10:50.188 [Game] INFO - Создание отрицательных NPS.
17:10:50.188 [Game] INFO - Создание локации.
17:10:50.193 [Game] INFO - Создание мобильных объектов.
17:10:50.193 [Game] INFO - Создание стационарных объектов.
17:10:50.194 [Game] INFO - Создание комбинаций объектов.
17:10:50.194 [Game] INFO - Создание положительных NPS.
17:10:50.194 [Game] INFO - Создание отрицательных NPS.
17:10:50.194 [Game] INFO - Создание локации.
17:11:38.799 [Game] INFO - Создание мобильных объектов.
17:11:38.802 [Game] INFO - Создание стационарных объектов.
17:11:38.802 [Game] INFO - Создание комбинаций объектов.
17:11:38.802 [Game] INFO - Создание положительных NPS.
17:11:38.803 [Game] INFO - Создание отрицательных NPS.
17:11:38.803 [Game] INFO - Создание локации.
17:11:38.827 [Game] INFO - Создание мобильных объектов.
17:11:38.827 [Game] INFO - Создание стационарных объектов.
17:11:38.827 [Game] INFO - Создание комбинаций объектов.
17:11:38.827 [Game] INFO - Создание положительных NPS.
17:11:38.827 [Game] INFO - Создание отрицательных NPS.
17:11:38.827 [Game] INFO - Создание локации.
17:11:38.834 [Game] INFO - Создание мобильных объектов.
17:11:38.835 [Game] INFO - Создание стационарных объектов.
17:11:38.835 [Game] INFO - Создание комбинаций объектов.
17:11:38.835 [Game] INFO - Создание положительных NPS.
17:11:38.835 [Game] INFO - Создание отрицательных NPS.
17:11:38.835 [Game] INFO - Создание локации.
17:11:38.838 [Game] INFO - Создание мобильных объектов.
17:11:38.838 [Game] INFO - Создание стационарных объектов.
17:11:38.838 [Game] INFO - Создание комбинаций объектов.
17:11:38.838 [Game] INFO - Создание положительных NPS.
17:11:38.838 [Game] INFO - Создание отрицательных NPS.
17:11:38.838 [Game] INFO - Создание локации.
17:11:38.844 [Game] INFO - Создание мобильных объектов.
17:11:38.844 [Game] INFO - Создание стационарных объектов.
17:11:38.844 [Game] INFO - Создание комбинаций объектов.
17:11:38.844 [Game] INFO - Создание положительных NPS.
17:11:38.844 [Game] INFO - Создание отрицательных NPS.
17:11:38.844 [Game] INFO - Создание локации.
17:11:42.655 [Main] INFO - Попытка запуска игры.
17:11:42.659 [Game] INFO - Создание мобильных объектов.
17:11:42.660 [Game] INFO - Создание стационарных объектов.
17:11:42.660 [Game] INFO - Создание комбинаций объектов.
17:11:42.660 [Game] INFO - Создание положительных NPS.
17:11:42.661 [Game] INFO - Создание отрицательных NPS.
17:11:42.661 [Game] INFO - Создание локации.
17:11:42.667 [Game] INFO - Старт игры.
17:11:53.678 [Game] WARN - Введена неверная команда.
17:12:22.665 [Main] INFO - Попытка запуска игры.
17:12:22.668 [Game] INFO - Создание мобильных объектов.
17:12:22.669 [Game] INFO - Создание стационарных объектов.
17:12:22.669 [Game] INFO - Создание комбинаций объектов.
17:12:22.669 [Game] INFO - Создание положительных NPS.
17:12:22.669 [Game] INFO - Создание отрицательных NPS.
17:12:22.670 [Game] INFO - Создание локации.
17:12:22.675 [Game] INFO - Старт игры.
17:12:30.287 [Main] INFO - Попытка запуска игры.
17:12:30.290 [Game] INFO - Создание мобильных объектов.
17:12:30.291 [Game] INFO - Создание стационарных объектов.
17:12:30.291 [Game] INFO - Создание комбинаций объектов.
17:12:30.292 [Game] INFO - Создание положительных NPS.
17:12:30.292 [Game] INFO - Создание отрицательных NPS.
17:12:30.292 [Game] INFO - Создание локации.
17:12:30.299 [Game] INFO - Старт игры.
17:12:37.879 [Game] INFO - Создание мобильных объектов.
17:12:37.881 [Game] INFO - Создание стационарных объектов.
17:12:37.881 [Game] INFO - Создание комбинаций объектов.
17:12:37.882 [Game] INFO - Создание положительных NPS.
17:12:37.882 [Game] INFO - Создание отрицательных NPS.
17:12:37.882 [Game] INFO - Создание локации.
17:12:37.898 [Game] INFO - Создание мобильных объектов.
17:12:37.898 [Game] INFO - Создание стационарных объектов.
17:12:37.898 [Game] INFO - Создание комбинаций объектов.
17:12:37.898 [Game] INFO - Создание положительных NPS.
17:12:37.898 [Game] INFO - Создание отрицательных NPS.
17:12:37.898 [Game] INFO - Создание локации.
17:12:37.908 [Game] INFO - Создание мобильных объектов.
17:12:37.908 [Game] INFO - Создание стационарных объектов.
17:12:37.908 [Game] INFO - Создание комбинаций объектов.
17:12:37.908 [Game] INFO - Создание положительных NPS.
17:12:37.908 [Game] INFO - Создание отрицательных NPS.
17:12:37.908 [Game] INFO - Создание локации.
17:12:37.911 [Game] INFO - Создание мобильных объектов.
17:12:37.911 [Game] INFO - Создание стационарных объектов.
17:12:37.911 [Game] INFO - Создание комбинаций объектов.
17:12:37.911 [Game] INFO - Создание положительных NPS.
17:12:37.911 [Game] INFO - Создание отрицательных NPS.
17:12:37.911 [Game] INFO - Создание локации.
17:12:37.914 [Game] INFO - Создание мобильных объектов.
17:12:37.914 [Game] INFO - Создание стационарных объектов.
17:12:37.914 [Game] INFO - Создание комбинаций объектов.
17:12:37.914 [Game] INFO - Создание положительных NPS.
17:12:37.914 [Game] INFO - Создание отрицательных NPS.
17:12:37.914 [Game] INFO - Создание локации.
17:15:43.645 [Game] INFO - Создание мобильных объектов.
17:15:43.649 [Game] INFO - Создание стационарных объектов.
17:15:43.649 [Game] INFO - Создание комбинаций объектов.
17:15:43.650 [Game] INFO - Создание положительных NPS.
17:15:43.650 [Game] INFO - Создание отрицательных NPS.
17:15:43.651 [Game] INFO - Создание локации.
17:15:43.667 [Game] INFO - Создание мобильных объектов.
17:15:43.667 [Game] INFO - Создание стационарных объектов.
17:15:43.667 [Game] INFO - Создание комбинаций объектов.
17:15:43.667 [Game] INFO - Создание положительных NPS.
17:15:43.667 [Game] INFO - Создание отрицательных NPS.
17:15:43.667 [Game] INFO - Создание локации.
17:15:43.674 [Game] INFO - Создание мобильных объектов.
17:15:43.674 [Game] INFO - Создание стационарных объектов.
17:15:43.674 [Game] INFO - Создание комбинаций объектов.
17:15:43.674 [Game] INFO - Создание положительных NPS.
17:15:43.675 [Game] INFO - Создание отрицательных NPS.
17:15:43.675 [Game] INFO - Создание локации.
17:15:43.678 [Game] INFO - Создание мобильных объектов.
17:15:43.678 [Game] INFO - Создание стационарных объектов.
17:15:43.678 [Game] INFO - Создание комбинаций объектов.
17:15:43.678 [Game] INFO - Создание положительных NPS.
17:15:43.678 [Game] INFO - Создание отрицательных NPS.
17:15:43.678 [Game] INFO - Создание локации.
17:15:43.681 [Game] INFO - Создание мобильных объектов.
17:15:43.681 [Game] INFO - Создание стационарных объектов.
17:15:43.681 [Game] INFO - Создание комбинаций объектов.
17:15:43.681 [Game] INFO - Создание положительных NPS.
17:15:43.681 [Game] INFO - Создание отрицательных NPS.
17:15:43.681 [Game] INFO - Создание локации.
17:15:57.725 [Game] INFO - Создание мобильных объектов.
17:15:57.728 [Game] INFO - Создание стационарных объектов.
17:15:57.728 [Game] INFO - Создание комбинаций объектов.
17:15:57.728 [Game] INFO - Создание положительных NPS.
17:15:57.729 [Game] INFO - Создание отрицательных NPS.
17:15:57.729 [Game] INFO - Создание локации.
17:15:57.745 [Game] INFO - Создание мобильных объектов.
17:15:57.745 [Game] INFO - Создание стационарных объектов.
17:15:57.745 [Game] INFO - Создание комбинаций объектов.
17:15:57.745 [Game] INFO - Создание положительных NPS.
17:15:57.745 [Game] INFO - Создание отрицательных NPS.
17:15:57.745 [Game] INFO - Создание локации.
17:15:57.751 [Game] INFO - Создание мобильных объектов.
17:15:57.751 [Game] INFO - Создание стационарных объектов.
17:15:57.751 [Game] INFO - Создание комбинаций объектов.
17:15:57.752 [Game] INFO - Создание положительных NPS.
17:15:57.752 [Game] INFO - Создание отрицательных NPS.
17:15:57.752 [Game] INFO - Создание локации.
17:15:57.754 [Game] INFO - Создание мобильных объектов.
17:15:57.755 [Game] INFO - Создание стационарных объектов.
17:15:57.755 [Game] INFO - Создание комбинаций объектов.
17:15:57.755 [Game] INFO - Создание положительных NPS.
17:15:57.755 [Game] INFO - Создание отрицательных NPS.
17:15:57.755 [Game] INFO - Создание локации.
17:15:57.758 [Game] INFO - Создание мобильных объектов.
17:15:57.758 [Game] INFO - Создание стационарных объектов.
17:15:57.758 [Game] INFO - Создание комбинаций объектов.
17:15:57.758 [Game] INFO - Создание положительных NPS.
17:15:57.758 [Game] INFO - Создание отрицательных NPS.
17:15:57.758 [Game] INFO - Создание локации.
17:17:03.835 [Game] INFO - Создание мобильных объектов.
17:17:03.838 [Game] INFO - Создание стационарных объектов.
17:17:03.838 [Game] INFO - Создание комбинаций объектов.
17:17:03.838 [Game] INFO - Создание положительных NPS.
17:17:03.839 [Game] INFO - Создание отрицательных NPS.
17:17:03.839 [Game] INFO - Создание локации.
17:17:03.856 [Game] INFO - Создание мобильных объектов.
17:17:03.856 [Game] INFO - Создание стационарных объектов.
17:17:03.856 [Game] INFO - Создание комбинаций объектов.
17:17:03.856 [Game] INFO - Создание положительных NPS.
17:17:03.856 [Game] INFO - Создание отрицательных NPS.
17:17:03.856 [Game] INFO - Создание локации.
17:17:03.860 [Game] INFO - Создание мобильных объектов.
17:17:03.860 [Game] INFO - Создание стационарных объектов.
17:17:03.860 [Game] INFO - Создание комбинаций объектов.
17:17:03.860 [Game] INFO - Создание положительных NPS.
17:17:03.860 [Game] INFO - Создание отрицательных NPS.
17:17:03.860 [Game] INFO - Создание локации.
17:17:03.865 [Game] INFO - Создание мобильных объектов.
17:17:03.865 [Game] INFO - Создание стационарных объектов.
17:17:03.865 [Game] INFO - Создание комбинаций объектов.
17:17:03.865 [Game] INFO - Создание положительных NPS.
17:17:03.865 [Game] INFO - Создание отрицательных NPS.
17:17:03.865 [Game] INFO - Создание локации.
17:17:03.867 [Game] INFO - Создание мобильных объектов.
17:17:03.867 [Game] INFO - Создание стационарных объектов.
17:17:03.867 [Game] INFO - Создание комбинаций объектов.
17:17:03.867 [Game] INFO - Создание положительных NPS.
17:17:03.868 [Game] INFO - Создание отрицательных NPS.
17:17:03.868 [Game] INFO - Создание локации.
17:18:43.515 [Game] INFO - Создание мобильных объектов.
17:18:43.517 [Game] INFO - Создание стационарных объектов.
17:18:43.518 [Game] INFO - Создание комбинаций объектов.
17:18:43.518 [Game] INFO - Создание положительных NPS.
17:18:43.518 [Game] INFO - Создание отрицательных NPS.
17:18:43.518 [Game] INFO - Создание локации.
17:19:37.935 [Game] INFO - Создание мобильных объектов.
17:19:37.937 [Game] INFO - Создание стационарных объектов.
17:19:37.937 [Game] INFO - Создание комбинаций объектов.
17:19:37.938 [Game] INFO - Создание положительных NPS.
17:19:37.938 [Game] INFO - Создание отрицательных NPS.
17:19:37.938 [Game] INFO - Создание локации.
17:19:50.903 [Game] INFO - Создание мобильных объектов.
17:19:50.905 [Game] INFO - Создание стационарных объектов.
17:19:50.905 [Game] INFO - Создание комбинаций объектов.
17:19:50.906 [Game] INFO - Создание положительных NPS.
17:19:50.906 [Game] INFO - Создание отрицательных NPS.
17:19:50.906 [Game] INFO - Создание локации.
17:20:09.511 [Game] INFO - Создание мобильных объектов.
17:20:09.513 [Game] INFO - Создание стационарных объектов.
17:20:09.513 [Game] INFO - Создание комбинаций объектов.
17:20:09.513 [Game] INFO - Создание положительных NPS.
17:20:09.514 [Game] INFO - Создание отрицательных NPS.
17:20:09.514 [Game] INFO - Создание локации.
17:20:09.529 [Game] INFO - Создание мобильных объектов.
17:20:09.529 [Game] INFO - Создание стационарных объектов.
17:20:09.529 [Game] INFO - Создание комбинаций объектов.
17:20:09.529 [Game] INFO - Создание положительных NPS.
17:20:09.529 [Game] INFO - Создание отрицательных NPS.
17:20:09.529 [Game] INFO - Создание локации.
17:20:09.533 [Game] INFO - Создание мобильных объектов.
17:20:09.533 [Game] INFO - Создание стационарных объектов.
17:20:09.533 [Game] INFO - Создание комбинаций объектов.
17:20:09.533 [Game] INFO - Создание положительных NPS.
17:20:09.533 [Game] INFO - Создание отрицательных NPS.
17:20:09.533 [Game] INFO - Создание локации.
17:20:09.536 [Game] INFO - Создание мобильных объектов.
17:20:09.536 [Game] INFO - Создание стационарных объектов.
17:20:09.536 [Game] INFO - Создание комбинаций объектов.
17:20:09.536 [Game] INFO - Создание положительных NPS.
17:20:09.536 [Game] INFO - Создание отрицательных NPS.
17:20:09.536 [Game] INFO - Создание локации.
17:20:09.540 [Game] INFO - Создание мобильных объектов.
17:20:09.540 [Game] INFO - Создание стационарных объектов.
17:20:09.540 [Game] INFO - Создание комбинаций объектов.
17:20:09.540 [Game] INFO - Создание положительных NPS.
17:20:09.540 [Game] INFO - Создание отрицательных NPS.
17:20:09.540 [Game] INFO - Создание локации.
